<?xml version="1.0" encoding="UTF-8"?>
<!-- Generated by org.testng.reporters.JUnitReportReporter -->
<testsuite skipped="0" hostname="Admin-PC" name="com.tamplo.ityss.departmentpagetestcases.RemoveUserFromDepartmentTest" tests="2" failures="0" timestamp="19 Sep 2019 12:31:06 GMT" time="1.159" errors="0">
  <testcase name="editDepartmentTestCase" time="0.461" classname="com.tamplo.ityss.departmentpagetestcases.RemoveUserFromDepartmentTest"/>
  <testcase name="removeUserFromDprtTest" time="0.698" classname="com.tamplo.ityss.departmentpagetestcases.RemoveUserFromDepartmentTest"/>
</testsuite> <!-- com.tamplo.ityss.departmentpagetestcases.RemoveUserFromDepartmentTest -->
