<?xml version="1.0" encoding="UTF-8"?>
<!-- Generated by org.testng.reporters.JUnitReportReporter -->
<testsuite skipped="0" hostname="Admin-PC" name="com.tamplo.ityss.departmentpagetestcases.RemoveDepartmentTest" tests="1" failures="0" timestamp="07 Oct 2019 05:07:21 GMT" time="6.146" errors="0">
  <testcase name="removedDepartmentTestCase" time="6.146" classname="com.tamplo.ityss.departmentpagetestcases.RemoveDepartmentTest"/>
</testsuite> <!-- com.tamplo.ityss.departmentpagetestcases.RemoveDepartmentTest -->
