<?xml version="1.0" encoding="UTF-8"?>
<!-- Generated by org.testng.reporters.JUnitReportReporter -->
<testsuite skipped="0" hostname="Admin-PC" name="com.tamplo.ityss.projectpagetestcases.CreateMilestoneTest" tests="1" failures="0" timestamp="09 Oct 2019 09:52:34 GMT" time="3.793" errors="0">
  <testcase name="AddMilestoneTest" time="3.793" classname="com.tamplo.ityss.projectpagetestcases.CreateMilestoneTest"/>
</testsuite> <!-- com.tamplo.ityss.projectpagetestcases.CreateMilestoneTest -->
