<?xml version="1.0" encoding="UTF-8"?>
<!-- Generated by org.testng.reporters.JUnitReportReporter -->
<testsuite skipped="0" hostname="Admin-PC" name="com.tamplo.ityss.departmentpagetestcases.DeactivateDepartmentTest" tests="2" failures="0" timestamp="04 Oct 2019 10:52:11 GMT" time="11.975" errors="0">
  <testcase name="deActivateDepartmentTestCase" time="11.024" classname="com.tamplo.ityss.departmentpagetestcases.DeactivateDepartmentTest"/>
  <testcase name="verifyDprtDeactivateOrNot" time="0.951" classname="com.tamplo.ityss.departmentpagetestcases.DeactivateDepartmentTest"/>
</testsuite> <!-- com.tamplo.ityss.departmentpagetestcases.DeactivateDepartmentTest -->
