<?xml version="1.0" encoding="UTF-8"?>
<!-- Generated by org.testng.reporters.JUnitReportReporter -->
<testsuite skipped="0" hostname="Admin-PC" name="com.tamplo.ityss.projectpagetestcases.AddProjectTest" tests="1" failures="0" timestamp="09 Oct 2019 09:27:07 GMT" time="50.246" errors="0">
  <testcase name="createProjectTest" time="50.246" classname="com.tamplo.ityss.projectpagetestcases.AddProjectTest"/>
</testsuite> <!-- com.tamplo.ityss.projectpagetestcases.AddProjectTest -->
