<?xml version="1.0" encoding="UTF-8"?>
<!-- Generated by org.testng.reporters.JUnitReportReporter -->
<testsuite skipped="0" hostname="Admin-PC" name="com.tamplo.ityss.departmentpagetestcases.AddDepartmentTest" tests="1" failures="0" timestamp="01 Oct 2019 11:35:15 GMT" time="29.118" errors="0">
  <testcase name="addDepartmentTest" time="29.118" classname="com.tamplo.ityss.departmentpagetestcases.AddDepartmentTest"/>
</testsuite> <!-- com.tamplo.ityss.departmentpagetestcases.AddDepartmentTest -->
