<?xml version="1.0" encoding="UTF-8"?>
<!-- Generated by org.testng.reporters.JUnitReportReporter -->
<testsuite skipped="0" hostname="Admin-PC" name="com.tamplo.ityss.departmentpagetestcases.AddUserIntoDepartmentTest" tests="2" failures="0" timestamp="03 Oct 2019 12:31:42 GMT" time="2.185" errors="0">
  <testcase name="editDepartmentTestCase" time="0.188" classname="com.tamplo.ityss.departmentpagetestcases.AddUserIntoDepartmentTest"/>
  <testcase name="addUserIntoDprtTest" time="1.997" classname="com.tamplo.ityss.departmentpagetestcases.AddUserIntoDepartmentTest"/>
</testsuite> <!-- com.tamplo.ityss.departmentpagetestcases.AddUserIntoDepartmentTest -->
