<?xml version="1.0" encoding="UTF-8"?>
<!-- Generated by org.testng.reporters.JUnitReportReporter -->
<testsuite skipped="1" hostname="Admin-PC" name="com.tamplo.ityss.departmentpagetestcases.RemoveUserFromDepartmentTest" tests="3" failures="0" timestamp="03 Oct 2019 08:33:49 GMT" time="0.924" errors="0">
  <testcase name="editDepartmentTestCase" time="0.228" classname="com.tamplo.ityss.departmentpagetestcases.RemoveUserFromDepartmentTest"/>
  <testcase name="sample" time="0.696" classname="com.tamplo.ityss.departmentpagetestcases.RemoveUserFromDepartmentTest"/>
  <testcase name="removeUserFromDprtTest" classname="com.tamplo.ityss.departmentpagetestcases.RemoveUserFromDepartmentTest">
    <skipped/>
  </testcase> <!-- removeUserFromDprtTest -->
</testsuite> <!-- com.tamplo.ityss.departmentpagetestcases.RemoveUserFromDepartmentTest -->
