<?xml version="1.0" encoding="UTF-8"?>
<!-- Generated by org.testng.reporters.JUnitReportReporter -->
<testsuite skipped="0" hostname="Admin-PC" name="com.tamplo.ityss.projectpagetestcases.CreateUserStoryTest" tests="1" failures="0" timestamp="09 Oct 2019 10:11:27 GMT" time="0.298" errors="0">
  <testcase name="addUserStoryTest" time="0.298" classname="com.tamplo.ityss.projectpagetestcases.CreateUserStoryTest"/>
</testsuite> <!-- com.tamplo.ityss.projectpagetestcases.CreateUserStoryTest -->
