<?xml version="1.0" encoding="UTF-8"?>
<!-- Generated by org.testng.reporters.JUnitReportReporter -->
<testsuite skipped="0" hostname="Admin-PC" name="com.tamplo.ityss.departmentpagetestcases.EditDepartmentTest" tests="1" failures="0" timestamp="18 Sep 2019 12:00:49 GMT" time="1.502" errors="0">
  <testcase name="editDepartmentTestCase" time="1.502" classname="com.tamplo.ityss.departmentpagetestcases.EditDepartmentTest"/>
</testsuite> <!-- com.tamplo.ityss.departmentpagetestcases.EditDepartmentTest -->
